============================= test session starts =============================
platform win32 -- Python 3.11.9, pytest-9.1.1, pluggy-1.6.0 -- C:\Users\DELL 5480\Desktop\VinAI\lab07\K4-L3B-LeThanhTinh-2A202602449-Data-Foundations\.venv\Scripts\python.exe
cachedir: .pytest_cache
rootdir: C:\Users\DELL 5480\Desktop\VinAI\lab07\K4-L3B-LeThanhTinh-2A202602449-Data-Foundations
collecting ... collected 47 items

tests/test_personal.py::TestPersonalEdgeCases::test_agent_passes_filtered_context_and_question PASSED [  2%]
tests/test_personal.py::TestPersonalEdgeCases::test_cosine_dimension_mismatch PASSED [  4%]
tests/test_personal.py::TestPersonalEdgeCases::test_filter_before_ranking_and_delete_parent PASSED [  6%]
tests/test_personal.py::TestPersonalEdgeCases::test_recursive_invalid_size PASSED [  8%]
tests/test_personal.py::TestPersonalEdgeCases::test_recursive_preserves_every_character_and_size PASSED [ 10%]
tests/test_solution.py::TestProjectStructure::test_root_main_entrypoint_exists PASSED [ 12%]
tests/test_solution.py::TestProjectStructure::test_src_package_exists PASSED [ 14%]
tests/test_solution.py::TestClassBasedInterfaces::test_chunker_classes_exist PASSED [ 17%]
tests/test_solution.py::TestClassBasedInterfaces::test_mock_embedder_exists PASSED [ 19%]
tests/test_solution.py::TestFixedSizeChunker::test_chunks_respect_size PASSED [ 21%]
tests/test_solution.py::TestFixedSizeChunker::test_correct_number_of_chunks_no_overlap PASSED [ 23%]
tests/test_solution.py::TestFixedSizeChunker::test_empty_text_returns_empty_list PASSED [ 25%]
tests/test_solution.py::TestFixedSizeChunker::test_no_overlap_no_shared_content PASSED [ 27%]
tests/test_solution.py::TestFixedSizeChunker::test_overlap_creates_shared_content PASSED [ 29%]
tests/test_solution.py::TestFixedSizeChunker::test_returns_list PASSED   [ 31%]
tests/test_solution.py::TestFixedSizeChunker::test_single_chunk_if_text_shorter PASSED [ 34%]
tests/test_solution.py::TestSentenceChunker::test_chunks_are_strings PASSED [ 36%]
tests/test_solution.py::TestSentenceChunker::test_respects_max_sentences PASSED [ 38%]
tests/test_solution.py::TestSentenceChunker::test_returns_list PASSED    [ 40%]
tests/test_solution.py::TestSentenceChunker::test_single_sentence_max_gives_many_chunks PASSED [ 42%]
tests/test_solution.py::TestRecursiveChunker::test_chunks_within_size_when_possible PASSED [ 44%]
tests/test_solution.py::TestRecursiveChunker::test_empty_separators_falls_back_gracefully PASSED [ 46%]
tests/test_solution.py::TestRecursiveChunker::test_handles_double_newline_separator PASSED [ 48%]
tests/test_solution.py::TestRecursiveChunker::test_returns_list PASSED   [ 51%]
tests/test_solution.py::TestEmbeddingStore::test_add_documents_increases_size PASSED [ 53%]
tests/test_solution.py::TestEmbeddingStore::test_add_more_increases_further PASSED [ 55%]
tests/test_solution.py::TestEmbeddingStore::test_initial_size_is_zero PASSED [ 57%]
tests/test_solution.py::TestEmbeddingStore::test_search_results_have_content_key PASSED [ 59%]
tests/test_solution.py::TestEmbeddingStore::test_search_results_have_score_key PASSED [ 61%]
tests/test_solution.py::TestEmbeddingStore::test_search_results_sorted_by_score_descending PASSED [ 63%]
tests/test_solution.py::TestEmbeddingStore::test_search_returns_at_most_top_k PASSED [ 65%]
tests/test_solution.py::TestEmbeddingStore::test_search_returns_list PASSED [ 68%]
tests/test_solution.py::TestKnowledgeBaseAgent::test_answer_non_empty PASSED [ 70%]
tests/test_solution.py::TestKnowledgeBaseAgent::test_answer_returns_string PASSED [ 72%]
tests/test_solution.py::TestComputeSimilarity::test_identical_vectors_return_1 PASSED [ 74%]
tests/test_solution.py::TestComputeSimilarity::test_opposite_vectors_return_minus_1 PASSED [ 76%]
tests/test_solution.py::TestComputeSimilarity::test_orthogonal_vectors_return_0 PASSED [ 78%]
tests/test_solution.py::TestComputeSimilarity::test_zero_vector_returns_0 PASSED [ 80%]
tests/test_solution.py::TestCompareChunkingStrategies::test_counts_are_positive PASSED [ 82%]
tests/test_solution.py::TestCompareChunkingStrategies::test_each_strategy_has_count_and_avg_length PASSED [ 85%]
tests/test_solution.py::TestCompareChunkingStrategies::test_returns_three_strategies PASSED [ 87%]
tests/test_solution.py::TestEmbeddingStoreSearchWithFilter::test_filter_by_department PASSED [ 89%]
tests/test_solution.py::TestEmbeddingStoreSearchWithFilter::test_no_filter_returns_all_candidates PASSED [ 91%]
tests/test_solution.py::TestEmbeddingStoreSearchWithFilter::test_returns_at_most_top_k PASSED [ 93%]
tests/test_solution.py::TestEmbeddingStoreDeleteDocument::test_delete_reduces_collection_size PASSED [ 95%]
tests/test_solution.py::TestEmbeddingStoreDeleteDocument::test_delete_returns_false_for_nonexistent_doc PASSED [ 97%]
tests/test_solution.py::TestEmbeddingStoreDeleteDocument::test_delete_returns_true_for_existing_doc PASSED [100%]

============================= 47 passed in 0.21s ==============================
